#! /usr/local/bin/vvp
:ivl_version "13.0 (devel)" "(s20251012-102-g9b44d55e9-dirty)";
:ivl_delay_selection "TYPICAL";
:vpi_time_precision + 0;
:vpi_module "/home/daniel/uvm_iverilog/iverilog/install/lib/ivl/system.vpi";
:vpi_module "/home/daniel/uvm_iverilog/iverilog/install/lib/ivl/vhdl_sys.vpi";
:vpi_module "/home/daniel/uvm_iverilog/iverilog/install/lib/ivl/vhdl_textio.vpi";
:vpi_module "/home/daniel/uvm_iverilog/iverilog/install/lib/ivl/v2005_math.vpi";
:vpi_module "/home/daniel/uvm_iverilog/iverilog/install/lib/ivl/va_math.vpi";
:vpi_module "/home/daniel/uvm_iverilog/iverilog/install/lib/ivl/v2009.vpi";
S_0x5c2b9731f380 .scope package, "$unit" "$unit" 2 1;
 .timescale 0 0;
S_0x5c2b9731f520 .scope module, "top" "top" 3 15;
 .timescale 0 0;
v0x5c2b9731f6c0 .array/obj "ms", 0 1;
    .scope S_0x5c2b9731f520;
T_0 ;
; Inline class definition for specialized/interface type
C0x5c2b9731f168  .class "(null)" [2]
   0: "a", "sb32"
   1: "b", "sb32"
 ;
    %new/cobj C0x5c2b9731f168;
    %pushi/vec4 1, 0, 32;
    %store/prop/v 0, 32;
    %pushi/vec4 1, 0, 32;
    %store/prop/v 1, 32;
    %ix/load 3, 0, 0;
    %flag_set/imm 4, 0;
    %store/obja v0x5c2b9731f6c0, 3;
    %new/cobj C0x5c2b9731f168;
    %pushi/vec4 0, 0, 32;
    %store/prop/v 0, 32;
    %pushi/vec4 0, 0, 32;
    %store/prop/v 1, 32;
    %ix/load 3, 1, 0;
    %flag_set/imm 4, 0;
    %store/obja v0x5c2b9731f6c0, 3;
    %end;
    .thread T_0, $init;
# The file index is used to find the file name in the following table.
:file_names 4;
    "N/A";
    "<interactive>";
    "-";
    "/home/daniel/uvm_iverilog/sv-tests/tests/chapter-5/5.10-structure-arrays.sv";
